<?xml version="1.0" encoding="UTF-8"?>
<testng-results skipped="0" failed="0" ignored="0" total="1" passed="1">
  <reporter-output>
  </reporter-output>
  <suite name="FirstTest" duration-ms="26680" started-at="2019-09-30T16:07:14 IST" finished-at="2019-09-30T16:07:41 IST">
    <groups>
    </groups>
    <test name="Command line test" duration-ms="26680" started-at="2019-09-30T16:07:14 IST" finished-at="2019-09-30T16:07:41 IST">
      <class name="FirstTest">
        <test-method status="PASS" signature="initializeBrowser()[pri:0, instance:FirstTest@224edc67]" name="initializeBrowser" is-config="true" duration-ms="1230" started-at="2019-09-30T16:07:14 IST" finished-at="2019-09-30T16:07:15 IST">
          <reporter-output>
          </reporter-output>
        </test-method> <!-- initializeBrowser -->
        <test-method status="PASS" signature="launchBrowser()[pri:0, instance:FirstTest@224edc67]" name="launchBrowser" duration-ms="25302" started-at="2019-09-30T16:07:15 IST" finished-at="2019-09-30T16:07:40 IST">
          <reporter-output>
          </reporter-output>
        </test-method> <!-- launchBrowser -->
        <test-method status="PASS" signature="tearDown()[pri:0, instance:FirstTest@224edc67]" name="tearDown" is-config="true" duration-ms="126" started-at="2019-09-30T16:07:41 IST" finished-at="2019-09-30T16:07:41 IST">
          <reporter-output>
          </reporter-output>
        </test-method> <!-- tearDown -->
      </class> <!-- FirstTest -->
    </test> <!-- Command line test -->
  </suite> <!-- FirstTest -->
</testng-results>
